  btaptet3.cpp
C:\Users\PC.DESKTOP-85V5Q0S\source\repos\tete\tete\btaptet3.cpp(55,10): warning C4566: character represented by universal-character-name '\u1EDB' cannot be represented in the current code page (1252)
C:\Users\PC.DESKTOP-85V5Q0S\source\repos\tete\tete\btaptet3.cpp(57,11): warning C4566: character represented by universal-character-name '\u1EBF' cannot be represented in the current code page (1252)
C:\Users\PC.DESKTOP-85V5Q0S\source\repos\tete\tete\btaptet3.cpp(57,11): warning C4566: character represented by universal-character-name '\u1EA3' cannot be represented in the current code page (1252)
C:\Users\PC.DESKTOP-85V5Q0S\source\repos\tete\tete\btaptet3.cpp(57,11): warning C4566: character represented by universal-character-name '\u01B0' cannot be represented in the current code page (1252)
C:\Users\PC.DESKTOP-85V5Q0S\source\repos\tete\tete\btaptet3.cpp(57,11): warning C4566: character represented by universal-character-name '\u01A1' cannot be represented in the current code page (1252)
C:\Users\PC.DESKTOP-85V5Q0S\source\repos\tete\tete\btaptet3.cpp(57,11): warning C4566: character represented by universal-character-name '\u1ED1' cannot be represented in the current code page (1252)
C:\Users\PC.DESKTOP-85V5Q0S\source\repos\tete\tete\btaptet3.cpp(57,11): warning C4566: character represented by universal-character-name '\u1EC7' cannot be represented in the current code page (1252)
C:\Users\PC.DESKTOP-85V5Q0S\source\repos\tete\tete\btaptet3.cpp(60,11): warning C4566: character represented by universal-character-name '\u1EBF' cannot be represented in the current code page (1252)
C:\Users\PC.DESKTOP-85V5Q0S\source\repos\tete\tete\btaptet3.cpp(60,11): warning C4566: character represented by universal-character-name '\u1EA3' cannot be represented in the current code page (1252)
C:\Users\PC.DESKTOP-85V5Q0S\source\repos\tete\tete\btaptet3.cpp(60,11): warning C4566: character represented by universal-character-name '\u01B0' cannot be represented in the current code page (1252)
C:\Users\PC.DESKTOP-85V5Q0S\source\repos\tete\tete\btaptet3.cpp(60,11): warning C4566: character represented by universal-character-name '\u01A1' cannot be represented in the current code page (1252)
C:\Users\PC.DESKTOP-85V5Q0S\source\repos\tete\tete\btaptet3.cpp(60,11): warning C4566: character represented by universal-character-name '\u1EC7' cannot be represented in the current code page (1252)
C:\Users\PC.DESKTOP-85V5Q0S\source\repos\tete\tete\btaptet3.cpp(63,11): warning C4566: character represented by universal-character-name '\u1EBF' cannot be represented in the current code page (1252)
C:\Users\PC.DESKTOP-85V5Q0S\source\repos\tete\tete\btaptet3.cpp(63,11): warning C4566: character represented by universal-character-name '\u1EA3' cannot be represented in the current code page (1252)
C:\Users\PC.DESKTOP-85V5Q0S\source\repos\tete\tete\btaptet3.cpp(63,11): warning C4566: character represented by universal-character-name '\u01B0' cannot be represented in the current code page (1252)
C:\Users\PC.DESKTOP-85V5Q0S\source\repos\tete\tete\btaptet3.cpp(63,11): warning C4566: character represented by universal-character-name '\u01A1' cannot be represented in the current code page (1252)
C:\Users\PC.DESKTOP-85V5Q0S\source\repos\tete\tete\btaptet3.cpp(63,11): warning C4566: character represented by universal-character-name '\u1EC7' cannot be represented in the current code page (1252)
C:\Users\PC.DESKTOP-85V5Q0S\source\repos\tete\tete\btaptet3.cpp(66,11): warning C4566: character represented by universal-character-name '\u1EBF' cannot be represented in the current code page (1252)
C:\Users\PC.DESKTOP-85V5Q0S\source\repos\tete\tete\btaptet3.cpp(66,11): warning C4566: character represented by universal-character-name '\u1EA3' cannot be represented in the current code page (1252)
C:\Users\PC.DESKTOP-85V5Q0S\source\repos\tete\tete\btaptet3.cpp(66,11): warning C4566: character represented by universal-character-name '\u01B0' cannot be represented in the current code page (1252)
C:\Users\PC.DESKTOP-85V5Q0S\source\repos\tete\tete\btaptet3.cpp(66,11): warning C4566: character represented by universal-character-name '\u01A1' cannot be represented in the current code page (1252)
C:\Users\PC.DESKTOP-85V5Q0S\source\repos\tete\tete\btaptet3.cpp(66,11): warning C4566: character represented by universal-character-name '\u1EC7' cannot be represented in the current code page (1252)
C:\Users\PC.DESKTOP-85V5Q0S\source\repos\tete\tete\btaptet3.cpp(81,12): warning C4566: character represented by universal-character-name '\u1EBF' cannot be represented in the current code page (1252)
C:\Users\PC.DESKTOP-85V5Q0S\source\repos\tete\tete\btaptet3.cpp(81,12): warning C4566: character represented by universal-character-name '\u1EA3' cannot be represented in the current code page (1252)
C:\Users\PC.DESKTOP-85V5Q0S\source\repos\tete\tete\btaptet3.cpp(81,12): warning C4566: character represented by universal-character-name '\u01B0' cannot be represented in the current code page (1252)
C:\Users\PC.DESKTOP-85V5Q0S\source\repos\tete\tete\btaptet3.cpp(81,12): warning C4566: character represented by universal-character-name '\u01A1' cannot be represented in the current code page (1252)
C:\Users\PC.DESKTOP-85V5Q0S\source\repos\tete\tete\btaptet3.cpp(81,12): warning C4566: character represented by universal-character-name '\u1ED1' cannot be represented in the current code page (1252)
C:\Users\PC.DESKTOP-85V5Q0S\source\repos\tete\tete\btaptet3.cpp(81,12): warning C4566: character represented by universal-character-name '\u1EC7' cannot be represented in the current code page (1252)
C:\Users\PC.DESKTOP-85V5Q0S\source\repos\tete\tete\btaptet3.cpp(84,12): warning C4566: character represented by universal-character-name '\u1EBF' cannot be represented in the current code page (1252)
C:\Users\PC.DESKTOP-85V5Q0S\source\repos\tete\tete\btaptet3.cpp(84,12): warning C4566: character represented by universal-character-name '\u1EA3' cannot be represented in the current code page (1252)
C:\Users\PC.DESKTOP-85V5Q0S\source\repos\tete\tete\btaptet3.cpp(84,12): warning C4566: character represented by universal-character-name '\u01B0' cannot be represented in the current code page (1252)
C:\Users\PC.DESKTOP-85V5Q0S\source\repos\tete\tete\btaptet3.cpp(84,12): warning C4566: character represented by universal-character-name '\u01A1' cannot be represented in the current code page (1252)
C:\Users\PC.DESKTOP-85V5Q0S\source\repos\tete\tete\btaptet3.cpp(84,12): warning C4566: character represented by universal-character-name '\u1EC7' cannot be represented in the current code page (1252)
C:\Users\PC.DESKTOP-85V5Q0S\source\repos\tete\tete\btaptet3.cpp(87,12): warning C4566: character represented by universal-character-name '\u1EBF' cannot be represented in the current code page (1252)
C:\Users\PC.DESKTOP-85V5Q0S\source\repos\tete\tete\btaptet3.cpp(87,12): warning C4566: character represented by universal-character-name '\u1EA3' cannot be represented in the current code page (1252)
C:\Users\PC.DESKTOP-85V5Q0S\source\repos\tete\tete\btaptet3.cpp(87,12): warning C4566: character represented by universal-character-name '\u01B0' cannot be represented in the current code page (1252)
C:\Users\PC.DESKTOP-85V5Q0S\source\repos\tete\tete\btaptet3.cpp(87,12): warning C4566: character represented by universal-character-name '\u01A1' cannot be represented in the current code page (1252)
C:\Users\PC.DESKTOP-85V5Q0S\source\repos\tete\tete\btaptet3.cpp(87,12): warning C4566: character represented by universal-character-name '\u1EC7' cannot be represented in the current code page (1252)
C:\Users\PC.DESKTOP-85V5Q0S\source\repos\tete\tete\btaptet3.cpp(90,12): warning C4566: character represented by universal-character-name '\u1EBF' cannot be represented in the current code page (1252)
C:\Users\PC.DESKTOP-85V5Q0S\source\repos\tete\tete\btaptet3.cpp(90,12): warning C4566: character represented by universal-character-name '\u1EA3' cannot be represented in the current code page (1252)
C:\Users\PC.DESKTOP-85V5Q0S\source\repos\tete\tete\btaptet3.cpp(90,12): warning C4566: character represented by universal-character-name '\u01B0' cannot be represented in the current code page (1252)
C:\Users\PC.DESKTOP-85V5Q0S\source\repos\tete\tete\btaptet3.cpp(90,12): warning C4566: character represented by universal-character-name '\u01A1' cannot be represented in the current code page (1252)
C:\Users\PC.DESKTOP-85V5Q0S\source\repos\tete\tete\btaptet3.cpp(90,12): warning C4566: character represented by universal-character-name '\u1EC7' cannot be represented in the current code page (1252)
  tete.vcxproj -> C:\Users\PC.DESKTOP-85V5Q0S\source\repos\tete\x64\Debug\tete.exe
